<?xml version="1.0" encoding="UTF-8"?>
<robot generator="Robot 7.4.2 (Python 3.14.5 on win32)" generated="2026-05-28T19:42:47.734129" rpa="false" schemaversion="5">
<suite id="s1" name="Tests" source="C:\Users\josue\Desktop\ESTUDOS\ROBOT\API\restfulAPIAutomationRobot\tests">
<suite id="s1-s1" name="Posts" source="C:\Users\josue\Desktop\ESTUDOS\ROBOT\API\restfulAPIAutomationRobot\tests\posts">
<suite id="s1-s1-s1" name="Get Single Post" source="C:\Users\josue\Desktop\ESTUDOS\ROBOT\API\restfulAPIAutomationRobot\tests\posts\get_single_post.robot">
<test id="s1-s1-s1-t1" name="Buscar post Por ID" line="9">
<kw name="Create Session" owner="RequestsLibrary">
<msg time="2026-05-28T19:42:48.210153" level="INFO">Creating Session using : alias=jsonplaceholder, url=https://jsonplaceholder.typicode.com, headers={},                     cookies={}, auth=None, timeout=None, proxies=None, verify=False,                     debug=0 </msg>
<arg>jsonplaceholder</arg>
<arg>${BASE_URL}</arg>
<doc>Create Session: create a HTTP session to a server</doc>
<status status="PASS" start="2026-05-28T19:42:48.209728" elapsed="0.000935"/>
</kw>
<kw name="GET On Session" owner="RequestsLibrary">
<msg time="2026-05-28T19:42:48.540924" level="INFO">GET Request : url=https://jsonplaceholder.typicode.com/posts/1 
 path_url=/posts/1 
 headers={'User-Agent': 'python-requests/2.34.2', 'Accept-Encoding': 'gzip, deflate, zstd', 'Accept': '*/*', 'Connection': 'keep-alive'} 
 body=None 
 </msg>
<msg time="2026-05-28T19:42:48.541258" level="INFO">GET Response : url=https://jsonplaceholder.typicode.com/posts/1 
 status=200, reason=OK 
 headers={'Date': 'Thu, 28 May 2026 22:42:48 GMT', 'Content-Type': 'application/json; charset=utf-8', 'Transfer-Encoding': 'chunked', 'Connection': 'keep-alive', 'access-control-allow-credentials': 'true', 'Cache-Control': 'max-age=43200', 'etag': 'W/"124-yiKdLzqO5gfBrJFrcdJ8Yq0LGnU"', 'expires': '-1', 'nel': '{"report_to":"heroku-nel","response_headers":["Via"],"max_age":3600,"success_fraction":0.01,"failure_fraction":0.1}', 'pragma': 'no-cache', 'report-to': '{"group":"heroku-nel","endpoints":[{"url":"https://nel.heroku.com/reports?s=bVzpynhhLRnkaoNsGfEx2SKIYIvKgvQE2NkVPnrzBEA%3D\\u0026sid=e11707d5-02a7-43ef-b45e-2cf4d2036f7d\\u0026ts=1776102698"}],"max_age":3600}', 'reporting-endpoints': 'heroku-nel="https://nel.heroku.com/reports?s=bVzpynhhLRnkaoNsGfEx2SKIYIvKgvQE2NkVPnrzBEA%3D&amp;sid=e11707d5-02a7-43ef-b45e-2cf4d2036f7d&amp;ts=1776102698"', 'Server': 'cloudflare', 'vary': 'Origin, Accept-Encoding', 'via': '2.0 heroku-router', 'x-content-type-options': 'nosniff', 'x-powered-by': 'Express', 'x-ratelimit-limit': '1000', 'x-ratelimit-remaining': '659', 'x-ratelimit-reset': '1776102704', 'Age': '24611', 'cf-cache-status': 'HIT', 'Content-Encoding': 'zstd', 'CF-RAY': 'a030c64e7ea81ac2-GRU', 'alt-svc': 'h3=":443"; ma=86400'} 
 body={
  "userId": 1,
  "id": 1,
  "title": "sunt aut facere repellat provident occaecati excepturi optio reprehenderit",
  "body": "quia et suscipit\nsuscipit recusandae consequuntur expedita et cum\nreprehenderit molestiae ut ut quas totam\nnostrum rerum est autem sunt rem eveniet architecto"
} 
 </msg>
<msg time="2026-05-28T19:42:48.541410" level="INFO">C:\Users\josue\AppData\Local\Programs\Python\Python314\Lib\site-packages\urllib3\connectionpool.py:1110: InsecureRequestWarning: Unverified HTTPS request is being made to host 'jsonplaceholder.typicode.com'. Adding certificate verification is strongly advised. See: https://urllib3.readthedocs.io/en/latest/advanced-usage.html#tls-warnings
  warnings.warn(</msg>
<msg time="2026-05-28T19:42:48.541694" level="INFO">${response} = &lt;Response [200]&gt;</msg>
<var>${response}</var>
<arg>jsonplaceholder</arg>
<arg>url=/posts/1</arg>
<doc>Sends a GET request on a previously created HTTP Session.</doc>
<status status="PASS" start="2026-05-28T19:42:48.211214" elapsed="0.330552"/>
</kw>
<kw name="Status Should Be" owner="RequestsLibrary">
<arg>200</arg>
<arg>${response}</arg>
<doc>Fails if response status code is different than the expected.</doc>
<status status="PASS" start="2026-05-28T19:42:48.542336" elapsed="0.000758"/>
</kw>
<kw name="Set Variable" owner="BuiltIn">
<msg time="2026-05-28T19:42:48.544975" level="INFO">${json} = {'userId': 1, 'id': 1, 'title': 'sunt aut facere repellat provident occaecati excepturi optio reprehenderit', 'body': 'quia et suscipit\nsuscipit recusandae consequuntur expedita et cum\nreprehenderit...</msg>
<var>${json}</var>
<arg>${response.json()}</arg>
<doc>Returns the given values which can then be assigned to a variables.</doc>
<status status="PASS" start="2026-05-28T19:42:48.543593" elapsed="0.001450"/>
</kw>
<kw name="Should Be Equal" owner="BuiltIn">
<arg>${json}[id]</arg>
<arg>${1}</arg>
<doc>Fails if the given objects are unequal.</doc>
<status status="PASS" start="2026-05-28T19:42:48.545479" elapsed="0.001062"/>
</kw>
<kw name="Should Contain" owner="BuiltIn">
<arg>${json}[title]</arg>
<arg>sunt aut facere repellat provident occaecati excepturi optio reprehenderit</arg>
<doc>Fails if ``container`` does not contain ``item`` one or more times.</doc>
<status status="PASS" start="2026-05-28T19:42:48.547056" elapsed="0.001355"/>
</kw>
<status status="PASS" start="2026-05-28T19:42:48.207555" elapsed="0.341369"/>
</test>
<status status="PASS" start="2026-05-28T19:42:47.833227" elapsed="0.717990"/>
</suite>
<status status="PASS" start="2026-05-28T19:42:47.830595" elapsed="0.722706"/>
</suite>
<suite id="s1-s2" name="Products" source="C:\Users\josue\Desktop\ESTUDOS\ROBOT\API\restfulAPIAutomationRobot\tests\products">
<suite id="s1-s2-s1" name="Create Product" source="C:\Users\josue\Desktop\ESTUDOS\ROBOT\API\restfulAPIAutomationRobot\tests\products\create_product.robot">
<test id="s1-s2-s1-t1" name="Criar Novo Produto" line="9">
<kw name="Create Session" owner="RequestsLibrary">
<msg time="2026-05-28T19:42:48.568300" level="INFO">Creating Session using : alias=jsonplaceholder, url=https://jsonplaceholder.typicode.com, headers={},                     cookies={}, auth=None, timeout=None, proxies=None, verify=False,                     debug=0 </msg>
<arg>jsonplaceholder</arg>
<arg>${BASE_URL}</arg>
<doc>Create Session: create a HTTP session to a server</doc>
<status status="PASS" start="2026-05-28T19:42:48.567877" elapsed="0.001537"/>
</kw>
<kw name="Create Dictionary" owner="BuiltIn">
<msg time="2026-05-28T19:42:48.572559" level="INFO">${body} = {'title': 'foo', 'body': 'bar', 'userId': '1'}</msg>
<var>${body}</var>
<arg>title=foo</arg>
<arg>body=bar</arg>
<arg>userId=1</arg>
<doc>Creates and returns a dictionary based on the given ``items``.</doc>
<status status="PASS" start="2026-05-28T19:42:48.571439" elapsed="0.001187"/>
</kw>
<kw name="POST On Session" owner="RequestsLibrary">
<msg time="2026-05-28T19:42:48.963395" level="INFO">POST Request : url=https://jsonplaceholder.typicode.com/posts 
 path_url=/posts 
 headers={'User-Agent': 'python-requests/2.34.2', 'Accept-Encoding': 'gzip, deflate, zstd', 'Accept': '*/*', 'Connection': 'keep-alive', 'Content-Length': '46', 'Content-Type': 'application/json'} 
 body=b'{"title": "foo", "body": "bar", "userId": "1"}' 
 </msg>
<msg time="2026-05-28T19:42:48.963550" level="INFO">POST Response : url=https://jsonplaceholder.typicode.com/posts 
 status=201, reason=Created 
 headers={'Date': 'Thu, 28 May 2026 22:42:49 GMT', 'Content-Type': 'application/json; charset=utf-8', 'Content-Length': '67', 'Connection': 'keep-alive', 'access-control-allow-credentials': 'true', 'access-control-expose-headers': 'Location', 'Cache-Control': 'no-cache', 'etag': 'W/"43-e0UvNeXth+6+06UFNnGIVUOlAcw"', 'expires': '-1', 'location': 'https://jsonplaceholder.typicode.com/posts/101', 'nel': '{"report_to":"heroku-nel","response_headers":["Via"],"max_age":3600,"success_fraction":0.01,"failure_fraction":0.1}', 'pragma': 'no-cache', 'report-to': '{"group":"heroku-nel","endpoints":[{"url":"https://nel.heroku.com/reports?s=46s66aulLcgd8hF3EMJoZGyedekzCN0qdE7%2BOnn%2Fxbw%3D\\u0026sid=e11707d5-02a7-43ef-b45e-2cf4d2036f7d\\u0026ts=1780008169"}],"max_age":3600}', 'reporting-endpoints': 'heroku-nel="https://nel.heroku.com/reports?s=46s66aulLcgd8hF3EMJoZGyedekzCN0qdE7%2BOnn%2Fxbw%3D&amp;sid=e11707d5-02a7-43ef-b45e-2cf4d2036f7d&amp;ts=1780008169"', 'Server': 'cloudflare', 'vary': 'Origin, X-HTTP-Method-Override, Accept-Encoding', 'via': '2.0 heroku-router', 'x-content-type-options': 'nosniff', 'x-powered-by': 'Express', 'x-ratelimit-limit': '1000', 'x-ratelimit-remaining': '999', 'x-ratelimit-reset': '1780008204', 'cf-cache-status': 'DYNAMIC', 'CF-RAY': 'a030c6505a00a67d-GRU', 'alt-svc': 'h3=":443"; ma=86400'} 
 body={
  "title": "foo",
  "body": "bar",
  "userId": "1",
  "id": 101
} 
 </msg>
<msg time="2026-05-28T19:42:48.963700" level="INFO">C:\Users\josue\AppData\Local\Programs\Python\Python314\Lib\site-packages\urllib3\connectionpool.py:1110: InsecureRequestWarning: Unverified HTTPS request is being made to host 'jsonplaceholder.typicode.com'. Adding certificate verification is strongly advised. See: https://urllib3.readthedocs.io/en/latest/advanced-usage.html#tls-warnings
  warnings.warn(</msg>
<msg time="2026-05-28T19:42:48.963990" level="INFO">${response} = &lt;Response [201]&gt;</msg>
<var>${response}</var>
<arg>jsonplaceholder</arg>
<arg>url=/posts</arg>
<arg>json=${body}</arg>
<doc>Sends a POST request on a previously created HTTP Session.</doc>
<status status="PASS" start="2026-05-28T19:42:48.572984" elapsed="0.391079"/>
</kw>
<kw name="Status Should Be" owner="RequestsLibrary">
<arg>201</arg>
<arg>${response}</arg>
<doc>Fails if response status code is different than the expected.</doc>
<status status="PASS" start="2026-05-28T19:42:48.964558" elapsed="0.000369"/>
</kw>
<kw name="Set Variable" owner="BuiltIn">
<msg time="2026-05-28T19:42:48.966861" level="INFO">${json} = {'title': 'foo', 'body': 'bar', 'userId': '1', 'id': 101}</msg>
<var>${json}</var>
<arg>${response.json()}</arg>
<doc>Returns the given values which can then be assigned to a variables.</doc>
<status status="PASS" start="2026-05-28T19:42:48.965321" elapsed="0.001612"/>
</kw>
<kw name="Should Be Equal" owner="BuiltIn">
<arg>${json}[title]</arg>
<arg>foo</arg>
<doc>Fails if the given objects are unequal.</doc>
<status status="PASS" start="2026-05-28T19:42:48.967385" elapsed="0.000622"/>
</kw>
<kw name="Should Be Equal" owner="BuiltIn">
<arg>${json}[body]</arg>
<arg>bar</arg>
<doc>Fails if the given objects are unequal.</doc>
<status status="PASS" start="2026-05-28T19:42:48.968431" elapsed="0.000624"/>
</kw>
<status status="PASS" start="2026-05-28T19:42:48.566871" elapsed="0.402648"/>
</test>
<status status="PASS" start="2026-05-28T19:42:48.560871" elapsed="0.410942"/>
</suite>
<suite id="s1-s2-s2" name="Delete Product" source="C:\Users\josue\Desktop\ESTUDOS\ROBOT\API\restfulAPIAutomationRobot\tests\products\delete_product.robot">
<test id="s1-s2-s2-t1" name="Validar Sucesso em Deletar Produto" line="8">
<kw name="Create Session" owner="RequestsLibrary">
<msg time="2026-05-28T19:42:48.981513" level="INFO">Creating Session using : alias=fakeStore, url=https://fakestoreapi.com, headers={},                     cookies={}, auth=None, timeout=None, proxies=None, verify=False,                     debug=0 </msg>
<arg>fakeStore</arg>
<arg>${BASE_URL}</arg>
<doc>Create Session: create a HTTP session to a server</doc>
<status status="PASS" start="2026-05-28T19:42:48.979749" elapsed="0.002536"/>
</kw>
<kw name="DELETE On Session" owner="RequestsLibrary">
<msg time="2026-05-28T19:42:49.505033" level="INFO">DELETE Request : url=https://fakestoreapi.com/products/1 
 path_url=/products/1 
 headers={'User-Agent': 'python-requests/2.34.2', 'Accept-Encoding': 'gzip, deflate, zstd', 'Accept': '*/*', 'Connection': 'keep-alive', 'Content-Length': '0'} 
 body=None 
 </msg>
<msg time="2026-05-28T19:42:49.505148" level="INFO">DELETE Response : url=https://fakestoreapi.com/products/1 
 status=200, reason=OK 
 headers={'Date': 'Thu, 28 May 2026 22:42:49 GMT', 'Content-Type': 'application/json; charset=utf-8', 'Transfer-Encoding': 'chunked', 'Connection': 'keep-alive', 'Access-Control-Allow-Origin': '*', 'Etag': 'W/"16d-ryVvNeDR+OwaJd+i2vi/OPo/G4Y"', 'X-Powered-By': 'Express', 'Cf-Cache-Status': 'DYNAMIC', 'Nel': '{"report_to":"cf-nel","success_fraction":0.0,"max_age":604800}', 'Report-To': '{"group":"cf-nel","max_age":604800,"endpoints":[{"url":"https://a.nel.cloudflare.com/report/v4?s=ou6tqLF2UBnf5m1i4YPfj%2BwwOxdNxmEsb6uTMMu6kSx9%2FnrYVbrk8ZCPGoHwXcgakDsqhb2vOpNGrKII88KnbUPMJI8OkpOa%2B%2BWtzUzcuTglkFS1LdefbR2ptIre%2FWU4oRYf"}]}', 'Content-Encoding': 'zstd', 'Server': 'cloudflare', 'CF-RAY': 'a030c6533b6fa531-GRU', 'alt-svc': 'h3=":443"; ma=86400'} 
 body={"id":1,"title":"Fjallraven - Foldsack No. 1 Backpack, Fits 15 Laptops","price":109.95,"description":"Your perfect pack for everyday use and walks in the forest. Stash your laptop (up to 15 inches) in the padded sleeve, your everyday","category":"men's clothing","image":"https://fakestoreapi.com/img/81fPKd-2AYL._AC_SL1500_t.png","rating":{"rate":3.9,"count":120}} 
 </msg>
<msg time="2026-05-28T19:42:49.505245" level="INFO">C:\Users\josue\AppData\Local\Programs\Python\Python314\Lib\site-packages\urllib3\connectionpool.py:1110: InsecureRequestWarning: Unverified HTTPS request is being made to host 'fakestoreapi.com'. Adding certificate verification is strongly advised. See: https://urllib3.readthedocs.io/en/latest/advanced-usage.html#tls-warnings
  warnings.warn(</msg>
<msg time="2026-05-28T19:42:49.505557" level="INFO">${response} = &lt;Response [200]&gt;</msg>
<var>${response}</var>
<arg>fakeStore</arg>
<arg>url=/products/1</arg>
<doc>Sends a DELETE request on a previously created HTTP Session.</doc>
<status status="PASS" start="2026-05-28T19:42:48.984138" elapsed="0.521486"/>
</kw>
<kw name="Status Should Be" owner="RequestsLibrary">
<arg>200</arg>
<arg>${response}</arg>
<doc>Fails if response status code is different than the expected.</doc>
<status status="PASS" start="2026-05-28T19:42:49.506046" elapsed="0.000408"/>
</kw>
<kw name="Log To Console" owner="BuiltIn">
<arg>Produto deletado com sucesso</arg>
<doc>Logs the given message to the console.</doc>
<status status="PASS" start="2026-05-28T19:42:49.506875" elapsed="0.000581"/>
</kw>
<status status="PASS" start="2026-05-28T19:42:48.978518" elapsed="0.529319"/>
</test>
<test id="s1-s2-s2-t2" name="Validar erro em Deletar Produto" line="20">
<kw name="Create Session" owner="RequestsLibrary">
<msg time="2026-05-28T19:42:49.510161" level="INFO">Creating Session using : alias=fakeStore, url=https://fakestoreapi.com, headers={},                     cookies={}, auth=None, timeout=None, proxies=None, verify=False,                     debug=0 </msg>
<arg>fakeStore</arg>
<arg>${BASE_URL}</arg>
<doc>Create Session: create a HTTP session to a server</doc>
<status status="PASS" start="2026-05-28T19:42:49.509838" elapsed="0.000711"/>
</kw>
<kw name="DELETE On Session" owner="RequestsLibrary">
<msg time="2026-05-28T19:42:49.996969" level="INFO">DELETE Request : url=https://fakestoreapi.com/products/sdf 
 path_url=/products/sdf 
 headers={'User-Agent': 'python-requests/2.34.2', 'Accept-Encoding': 'gzip, deflate, zstd', 'Accept': '*/*', 'Connection': 'keep-alive', 'Content-Length': '0'} 
 body=None 
 </msg>
<msg time="2026-05-28T19:42:49.997208" level="INFO">DELETE Response : url=https://fakestoreapi.com/products/sdf 
 status=400, reason=Bad Request 
 headers={'Date': 'Thu, 28 May 2026 22:42:50 GMT', 'Content-Type': 'application/json; charset=utf-8', 'Content-Length': '60', 'Connection': 'keep-alive', 'access-control-allow-origin': '*', 'etag': 'W/"3c-qDWc7CBSCdcHfGFZgGwxOqVw5sM"', 'x-powered-by': 'Express', 'cf-cache-status': 'DYNAMIC', 'Nel': '{"report_to":"cf-nel","success_fraction":0.0,"max_age":604800}', 'Report-To': '{"group":"cf-nel","max_age":604800,"endpoints":[{"url":"https://a.nel.cloudflare.com/report/v4?s=bKudwBbewqZ3BgPmuexxmNakCZs419XofvSMvnPU2glUg1mwgPUvAtca4Dsvjil0MroAPqr0hBEHVYaFjE8LZBbzOvbC%2BOgQSQvZFyh%2B4uFTzdu1lnNuNJD4B0ArZ1gtQGkF"}]}', 'Server': 'cloudflare', 'CF-RAY': 'a030c6564f7b2912-GRU', 'alt-svc': 'h3=":443"; ma=86400'} 
 body={"status":"error","message":"product id should be provided"} 
 </msg>
<msg time="2026-05-28T19:42:49.997360" level="INFO">C:\Users\josue\AppData\Local\Programs\Python\Python314\Lib\site-packages\urllib3\connectionpool.py:1110: InsecureRequestWarning: Unverified HTTPS request is being made to host 'fakestoreapi.com'. Adding certificate verification is strongly advised. See: https://urllib3.readthedocs.io/en/latest/advanced-usage.html#tls-warnings
  warnings.warn(</msg>
<msg time="2026-05-28T19:42:49.997695" level="INFO">${response} = &lt;Response [400]&gt;</msg>
<var>${response}</var>
<arg>fakeStore</arg>
<arg>url=/products/sdf</arg>
<arg>expected_status=any</arg>
<doc>Sends a DELETE request on a previously created HTTP Session.</doc>
<status status="PASS" start="2026-05-28T19:42:49.511069" elapsed="0.486702"/>
</kw>
<kw name="Status Should Be" owner="RequestsLibrary">
<arg>400</arg>
<arg>${response}</arg>
<doc>Fails if response status code is different than the expected.</doc>
<status status="PASS" start="2026-05-28T19:42:49.998277" elapsed="0.000324"/>
</kw>
<kw name="Log To Console" owner="BuiltIn">
<arg>product id should be provided</arg>
<doc>Logs the given message to the console.</doc>
<status status="PASS" start="2026-05-28T19:42:49.998976" elapsed="0.000576"/>
</kw>
<status status="PASS" start="2026-05-28T19:42:49.509001" elapsed="0.490969"/>
</test>
<status status="PASS" start="2026-05-28T19:42:48.973576" elapsed="1.027266"/>
</suite>
<suite id="s1-s2-s3" name="Get Products" source="C:\Users\josue\Desktop\ESTUDOS\ROBOT\API\restfulAPIAutomationRobot\tests\products\get_products.robot">
<test id="s1-s2-s3-t1" name="Buscar Produtos" line="9">
<kw name="Create Session" owner="RequestsLibrary">
<msg time="2026-05-28T19:42:50.008677" level="INFO">Creating Session using : alias=fakeStore, url=https://fakestoreapi.com, headers={},                     cookies={}, auth=None, timeout=None, proxies=None, verify=False,                     debug=0 </msg>
<arg>fakeStore</arg>
<arg>${BASE_URL}</arg>
<doc>Create Session: create a HTTP session to a server</doc>
<status status="PASS" start="2026-05-28T19:42:50.008391" elapsed="0.007400"/>
</kw>
<kw name="GET On Session" owner="RequestsLibrary">
<msg time="2026-05-28T19:42:51.285487" level="INFO">GET Request : url=https://fakestoreapi.com/products 
 path_url=/products 
 headers={'User-Agent': 'python-requests/2.34.2', 'Accept-Encoding': 'gzip, deflate, zstd', 'Accept': '*/*', 'Connection': 'keep-alive'} 
 body=None 
 </msg>
<msg time="2026-05-28T19:42:51.285985" level="INFO">GET Response : url=https://fakestoreapi.com/products 
 status=200, reason=OK 
 headers={'Date': 'Thu, 28 May 2026 22:42:51 GMT', 'Content-Type': 'application/json; charset=utf-8', 'Transfer-Encoding': 'chunked', 'Connection': 'keep-alive', 'access-control-allow-origin': '*', 'etag': 'W/"2990-lZ2o94A2EDKiYW3/6/3oI74HHkw"', 'x-powered-by': 'Express', 'cf-cache-status': 'DYNAMIC', 'Nel': '{"report_to":"cf-nel","success_fraction":0.0,"max_age":604800}', 'Report-To': '{"group":"cf-nel","max_age":604800,"endpoints":[{"url":"https://a.nel.cloudflare.com/report/v4?s=QysYUEyZCJBrUgXKKKwc%2B%2FgaUgIznIzCEibAk5MFaydTN%2FXicozb7ewtZW%2ByHd4dg%2BM2SjpJqr%2Fg%2Bi%2BfZ8Z8DFkHfMYimzPtwOJmyYEyByWDN7T8qebhmQert8cJAFukt8MG"}]}', 'Content-Encoding': 'zstd', 'Server': 'cloudflare', 'CF-RAY': 'a030c6594f216279-GRU', 'alt-svc': 'h3=":443"; ma=86400'} 
 body=[{"id":1,"title":"Fjallraven - Foldsack No. 1 Backpack, Fits 15 Laptops","price":109.95,"description":"Your perfect pack for everyday use and walks in the forest. Stash your laptop (up to 15 inches) in the padded sleeve, your everyday","category":"men's clothing","image":"https://fakestoreapi.com/img/81fPKd-2AYL._AC_SL1500_t.png","rating":{"rate":3.9,"count":120}},{"id":2,"title":"Mens Casual Premium Slim Fit T-Shirts ","price":22.3,"description":"Slim-fitting style, contrast raglan long sleeve, three-button henley placket, light weight &amp; soft fabric for breathable and comfortable wearing. And Solid stitched shirts with round neck made for durability and a great fit for casual fashion wear and diehard baseball fans. The Henley style round neckline includes a three-button placket.","category":"men's clothing","image":"https://fakestoreapi.com/img/71-3HjGNDUL._AC_SY879._SX._UX._SY._UY_t.png","rating":{"rate":4.1,"count":259}},{"id":3,"title":"Mens Cotton Jacket","price":55.99,"description":"great outerwear jackets for Spring/Autumn/Winter, suitable for many occasions, such as working, hiking, camping, mountain/rock climbing, cycling, traveling or other outdoors. Good gift choice for you or your family member. A warm hearted love to Father, husband or son in this thanksgiving or Christmas Day.","category":"men's clothing","image":"https://fakestoreapi.com/img/71li-ujtlUL._AC_UX679_t.png","rating":{"rate":4.7,"count":500}},{"id":4,"title":"Mens Casual Slim Fit","price":15.99,"description":"The color could be slightly different between on the screen and in practice. / Please note that body builds vary by person, therefore, detailed size information should be reviewed below on the product description.","category":"men's clothing","image":"https://fakestoreapi.com/img/71YXzeOuslL._AC_UY879_t.png","rating":{"rate":2.1,"count":430}},{"id":5,"title":"John Hardy Women's Legends Naga Gold &amp; Silver Dragon Station Chain Bracelet","price":695,"description":"From our Legends Collection, the Naga was inspired by the mythical water dragon that protects the ocean's pearl. Wear facing inward to be bestowed with love and abundance, or outward for protection.","category":"jewelery","image":"https://fakestoreapi.com/img/71pWzhdJNwL._AC_UL640_QL65_ML3_t.png","rating":{"rate":4.6,"count":400}},{"id":6,"title":"Solid Gold Petite Micropave ","price":168,"description":"Satisfaction Guaranteed. Return or exchange any order within 30 days.Designed and sold by Hafeez Center in the United States. Satisfaction Guaranteed. Return or exchange any order within 30 days.","category":"jewelery","image":"https://fakestoreapi.com/img/61sbMiUnoGL._AC_UL640_QL65_ML3_t.png","rating":{"rate":3.9,"count":70}},{"id":7,"title":"White Gold Plated Princess","price":9.99,"description":"Classic Created Wedding Engagement Solitaire Diamond Promise Ring for Her. Gifts to spoil your love more for Engagement, Wedding, Anniversary, Valentine's Day...","category":"jewelery","image":"https://fakestoreapi.com/img/71YAIFU48IL._AC_UL640_QL65_ML3_t.png","rating":{"rate":3,"count":400}},{"id":8,"title":"Pierced Owl Rose Gold Plated Stainless Steel Double","price":10.99,"description":"Rose Gold Plated Double Flared Tunnel Plug Earrings. Made of 316L Stainless Steel","category":"jewelery","image":"https://fakestoreapi.com/img/51UDEzMJVpL._AC_UL640_QL65_ML3_t.png","rating":{"rate":1.9,"count":100}},{"id":9,"title":"WD 2TB Elements Portable External Hard Drive - USB 3.0 ","price":64,"description":"USB 3.0 and USB 2.0 Compatibility Fast data transfers Improve PC Performance High Capacity; Compatibility Formatted NTFS for Windows 10, Windows 8.1, Windows 7; Reformatting may be required for other operating systems; Compatibility may vary depending on user’s hardware configuration and operating system","category":"electronics","image":"https://fakestoreapi.com/img/61IBBVJvSDL._AC_SY879_t.png","rating":{"rate":3.3,"count":203}},{"id":10,"title":"SanDisk SSD PLUS 1TB Internal SSD - SATA III 6 Gb/s","price":109,"description":"Easy upgrade for faster boot up, shutdown, application load and response (As compared to 5400 RPM SATA 2.5” hard drive; Based on published specifications and internal benchmarking tests using PCMark vantage scores) Boosts burst write performance, making it ideal for typical PC workloads The perfect balance of performance and reliability Read/write speeds of up to 535MB/s/450MB/s (Based on internal testing; Performance may vary depending upon drive capacity, host device, OS and application.)","category":"electronics","image":"https://fakestoreapi.com/img/61U7T1koQqL._AC_SX679_t.png","rating":{"rate":2.9,"count":470}},{"id":11,"title":"Silicon Power 256GB SSD 3D NAND A55 SLC Cache Performance Boost SATA III 2.5","price":109,"description":"3D NAND flash are applied to deliver high transfer speeds Remarkable transfer speeds that enable faster bootup and improved overall system performance. The advanced SLC Cache Technology allows performance boost and longer lifespan 7mm slim design suitable for Ultrabooks and Ultra-slim notebooks. Supports TRIM command, Garbage Collection technology, RAID, and ECC (Error Checking &amp; Correction) to provide the optimized performance and enhanced reliability.","category":"electronics","image":"https://fakestoreapi.com/img/71kWymZ+c+L._AC_SX679_t.png","rating":{"rate":4.8,"count":319}},{"id":12,"title":"WD 4TB Gaming Drive Works with Playstation 4 Portable External Hard Drive","price":114,"description":"Expand your PS4 gaming experience, Play anywhere Fast and easy, setup Sleek design with high capacity, 3-year manufacturer's limited warranty","category":"electronics","image":"https://fakestoreapi.com/img/61mtL65D4cL._AC_SX679_t.png","rating":{"rate":4.8,"count":400}},{"id":13,"title":"Acer SB220Q bi 21.5 inches Full HD (1920 x 1080) IPS Ultra-Thin","price":599,"description":"21. 5 inches Full HD (1920 x 1080) widescreen IPS display And Radeon free Sync technology. No compatibility for VESA Mount Refresh Rate: 75Hz - Using HDMI port Zero-frame design | ultra-thin | 4ms response time | IPS panel Aspect ratio - 16: 9. Color Supported - 16. 7 million colors. Brightness - 250 nit Tilt angle -5 degree to 15 degree. Horizontal viewing angle-178 degree. Vertical viewing angle-178 degree 75 hertz","category":"electronics","image":"https://fakestoreapi.com/img/81QpkIctqPL._AC_SX679_t.png","rating":{"rate":2.9,"count":250}},{"id":14,"title":"Samsung 49-Inch CHG90 144Hz Curved Gaming Monitor (LC49HG90DMNXZA) – Super Ultrawide Screen QLED ","price":999.99,"description":"49 INCH SUPER ULTRAWIDE 32:9 CURVED GAMING MONITOR with dual 27 inch screen side by side QUANTUM DOT (QLED) TECHNOLOGY, HDR support and factory calibration provides stunningly realistic and accurate color and contrast 144HZ HIGH REFRESH RATE and 1ms ultra fast response time work to eliminate motion blur, ghosting, and reduce input lag","category":"electronics","image":"https://fakestoreapi.com/img/81Zt42ioCgL._AC_SX679_t.png","rating":{"rate":2.2,"count":140}},{"id":15,"title":"BIYLACLESEN Women's 3-in-1 Snowboard Jacket Winter Coats","price":56.99,"description":"Note:The Jackets is US standard size, Please choose size as your usual wear Material: 100% Polyester; Detachable Liner Fabric: Warm Fleece. Detachable Functional Liner: Skin Friendly, Lightweigt and Warm.Stand Collar Liner jacket, keep you warm in cold weather. Zippered Pockets: 2 Zippered Hand Pockets, 2 Zippered Pockets on Chest (enough to keep cards or keys)and 1 Hidden Pocket Inside.Zippered Hand Pockets and Hidden Pocket keep your things secure. Humanized Design: Adjustable and Detachable Hood and Adjustable cuff to prevent the wind and water,for a comfortable fit. 3 in 1 Detachable Design provide more convenience, you can separate the coat and inner as needed, or wear it together. It is suitable for different season and help you adapt to different climates","category":"women's clothing","image":"https://fakestoreapi.com/img/51Y5NI-I5jL._AC_UX679_t.png","rating":{"rate":2.6,"count":235}},{"id":16,"title":"Lock and Love Women's Removable Hooded Faux Leather Moto Biker Jacket","price":29.95,"description":"100% POLYURETHANE(shell) 100% POLYESTER(lining) 75% POLYESTER 25% COTTON (SWEATER), Faux leather material for style and comfort / 2 pockets of front, 2-For-One Hooded denim style faux leather jacket, Button detail on waist / Detail stitching at sides, HAND WASH ONLY / DO NOT BLEACH / LINE DRY / DO NOT IRON","category":"women's clothing","image":"https://fakestoreapi.com/img/81XH0e8fefL._AC_UY879_t.png","rating":{"rate":2.9,"count":340}},{"id":17,"title":"Rain Jacket Women Windbreaker Striped Climbing Raincoats","price":39.99,"description":"Lightweight perfet for trip or casual wear---Long sleeve with hooded, adjustable drawstring waist design. Button and zipper front closure raincoat, fully stripes Lined and The Raincoat has 2 side pockets are a good size to hold all kinds of things, it covers the hips, and the hood is generous but doesn't overdo it.Attached Cotton Lined Hood with Adjustable Drawstrings give it a real styled look.","category":"women's clothing","image":"https://fakestoreapi.com/img/71HblAHs5xL._AC_UY879_-2t.png","rating":{"rate":3.8,"count":679}},{"id":18,"title":"MBJ Women's Solid Short Sleeve Boat Neck V ","price":9.85,"description":"95% RAYON 5% SPANDEX, Made in USA or Imported, Do Not Bleach, Lightweight fabric with great stretch for comfort, Ribbed on sleeves and neckline / Double stitching on bottom hem","category":"women's clothing","image":"https://fakestoreapi.com/img/71z3kpMAYsL._AC_UY879_t.png","rating":{"rate":4.7,"count":130}},{"id":19,"title":"Opna Women's Short Sleeve Moisture","price":7.95,"description":"100% Polyester, Machine wash, 100% cationic polyester interlock, Machine Wash &amp; Pre Shrunk for a Great Fit, Lightweight, roomy and highly breathable with moisture wicking fabric which helps to keep moisture away, Soft Lightweight Fabric with comfortable V-neck collar and a slimmer fit, ... (set the log level to DEBUG or TRACE to see the full content) 
 </msg>
<msg time="2026-05-28T19:42:51.287238" level="INFO">C:\Users\josue\AppData\Local\Programs\Python\Python314\Lib\site-packages\urllib3\connectionpool.py:1110: InsecureRequestWarning: Unverified HTTPS request is being made to host 'fakestoreapi.com'. Adding certificate verification is strongly advised. See: https://urllib3.readthedocs.io/en/latest/advanced-usage.html#tls-warnings
  warnings.warn(</msg>
<msg time="2026-05-28T19:42:51.288225" level="INFO">${response} = &lt;Response [200]&gt;</msg>
<var>${response}</var>
<arg>fakeStore</arg>
<arg>url=/products</arg>
<doc>Sends a GET request on a previously created HTTP Session.</doc>
<status status="PASS" start="2026-05-28T19:42:50.016363" elapsed="1.272148"/>
</kw>
<kw name="Status Should Be" owner="RequestsLibrary">
<arg>200</arg>
<arg>${response}</arg>
<doc>Fails if response status code is different than the expected.</doc>
<status status="PASS" start="2026-05-28T19:42:51.289853" elapsed="0.000941"/>
</kw>
<kw name="Set Variable" owner="BuiltIn">
<msg time="2026-05-28T19:42:51.297224" level="INFO">${json} = [{'id': 1, 'title': 'Fjallraven - Foldsack No. 1 Backpack, Fits 15 Laptops', 'price': 109.95, 'description': 'Your perfect pack for everyday use and walks in the forest. Stash your laptop (up to 15 in...</msg>
<var>${json}</var>
<arg>${response.json()}</arg>
<doc>Returns the given values which can then be assigned to a variables.</doc>
<status status="PASS" start="2026-05-28T19:42:51.292131" elapsed="0.005288"/>
</kw>
<kw name="Log To Console" owner="BuiltIn">
<arg>${json}</arg>
<doc>Logs the given message to the console.</doc>
<status status="PASS" start="2026-05-28T19:42:51.298691" elapsed="0.008060"/>
</kw>
<kw name="Get Length" owner="BuiltIn">
<msg time="2026-05-28T19:42:51.320988" level="INFO">Length is 20.</msg>
<msg time="2026-05-28T19:42:51.321249" level="INFO">${count} = 20</msg>
<var>${count}</var>
<arg>${json}</arg>
<doc>Returns and logs the length of the given item as an integer.</doc>
<status status="PASS" start="2026-05-28T19:42:51.319717" elapsed="0.001617"/>
</kw>
<kw name="Should Be Equal As Integers" owner="BuiltIn">
<msg time="2026-05-28T19:42:51.323263" level="INFO">Argument types are:
&lt;class 'int'&gt;
&lt;class 'str'&gt;</msg>
<arg>${count}</arg>
<arg>20</arg>
<doc>Fails if objects are unequal after converting them to integers.</doc>
<status status="PASS" start="2026-05-28T19:42:51.322417" elapsed="0.001033"/>
</kw>
<status status="PASS" start="2026-05-28T19:42:50.007436" elapsed="1.317097"/>
</test>
<status status="PASS" start="2026-05-28T19:42:50.002380" elapsed="1.330070"/>
</suite>
<suite id="s1-s2-s4" name="Get Single Product" source="C:\Users\josue\Desktop\ESTUDOS\ROBOT\API\restfulAPIAutomationRobot\tests\products\get_single_product.robot">
<test id="s1-s2-s4-t1" name="Buscar Produto Por ID" line="9">
<kw name="Create Session" owner="RequestsLibrary">
<msg time="2026-05-28T19:42:51.347677" level="INFO">Creating Session using : alias=fakeStore, url=https://fakestoreapi.com, headers={},                     cookies={}, auth=None, timeout=None, proxies=None, verify=False,                     debug=0 </msg>
<arg>fakeStore</arg>
<arg>${BASE_URL}</arg>
<doc>Create Session: create a HTTP session to a server</doc>
<status status="PASS" start="2026-05-28T19:42:51.347185" elapsed="0.000938"/>
</kw>
<kw name="GET On Session" owner="RequestsLibrary">
<msg time="2026-05-28T19:42:51.800897" level="INFO">GET Request : url=https://fakestoreapi.com/products/1 
 path_url=/products/1 
 headers={'User-Agent': 'python-requests/2.34.2', 'Accept-Encoding': 'gzip, deflate, zstd', 'Accept': '*/*', 'Connection': 'keep-alive'} 
 body=None 
 </msg>
<msg time="2026-05-28T19:42:51.801456" level="INFO">GET Response : url=https://fakestoreapi.com/products/1 
 status=200, reason=OK 
 headers={'Date': 'Thu, 28 May 2026 22:42:51 GMT', 'Content-Type': 'application/json; charset=utf-8', 'Transfer-Encoding': 'chunked', 'Connection': 'keep-alive', 'Access-Control-Allow-Origin': '*', 'Etag': 'W/"16d-ryVvNeDR+OwaJd+i2vi/OPo/G4Y"', 'X-Powered-By': 'Express', 'Cf-Cache-Status': 'DYNAMIC', 'Nel': '{"report_to":"cf-nel","success_fraction":0.0,"max_age":604800}', 'Report-To': '{"group":"cf-nel","max_age":604800,"endpoints":[{"url":"https://a.nel.cloudflare.com/report/v4?s=mvZWdhtUBw8o5DxKB1xHun%2F8fe5SRqJm9NncKQn9dkbgPAzFHiulWpwEnacUMjhaXGmuFZXqUd6IWIDFhhKSZLpg4Jj%2FzQ1MTCk5rdp5KE3N7iIPF0AbCB%2FNhT02Y0clxLv5"}]}', 'Content-Encoding': 'zstd', 'Server': 'cloudflare', 'CF-RAY': 'a030c6618873a3ff-GRU', 'alt-svc': 'h3=":443"; ma=86400'} 
 body={"id":1,"title":"Fjallraven - Foldsack No. 1 Backpack, Fits 15 Laptops","price":109.95,"description":"Your perfect pack for everyday use and walks in the forest. Stash your laptop (up to 15 inches) in the padded sleeve, your everyday","category":"men's clothing","image":"https://fakestoreapi.com/img/81fPKd-2AYL._AC_SL1500_t.png","rating":{"rate":3.9,"count":120}} 
 </msg>
<msg time="2026-05-28T19:42:51.801913" level="INFO">C:\Users\josue\AppData\Local\Programs\Python\Python314\Lib\site-packages\urllib3\connectionpool.py:1110: InsecureRequestWarning: Unverified HTTPS request is being made to host 'fakestoreapi.com'. Adding certificate verification is strongly advised. See: https://urllib3.readthedocs.io/en/latest/advanced-usage.html#tls-warnings
  warnings.warn(</msg>
<msg time="2026-05-28T19:42:51.803257" level="INFO">${response} = &lt;Response [200]&gt;</msg>
<var>${response}</var>
<arg>fakeStore</arg>
<arg>url=/products/1</arg>
<doc>Sends a GET request on a previously created HTTP Session.</doc>
<status status="PASS" start="2026-05-28T19:42:51.349235" elapsed="0.454381"/>
</kw>
<kw name="Status Should Be" owner="RequestsLibrary">
<arg>200</arg>
<arg>${response}</arg>
<doc>Fails if response status code is different than the expected.</doc>
<status status="PASS" start="2026-05-28T19:42:51.805424" elapsed="0.001383"/>
</kw>
<kw name="Set Variable" owner="BuiltIn">
<msg time="2026-05-28T19:42:51.815391" level="INFO">${json} = {'id': 1, 'title': 'Fjallraven - Foldsack No. 1 Backpack, Fits 15 Laptops', 'price': 109.95, 'description': 'Your perfect pack for everyday use and walks in the forest. Stash your laptop (up to 15 inc...</msg>
<var>${json}</var>
<arg>${response.json()}</arg>
<doc>Returns the given values which can then be assigned to a variables.</doc>
<status status="PASS" start="2026-05-28T19:42:51.808433" elapsed="0.007296"/>
</kw>
<kw name="Should Be Equal" owner="BuiltIn">
<arg>${json}[id]</arg>
<arg>${1}</arg>
<doc>Fails if the given objects are unequal.</doc>
<status status="PASS" start="2026-05-28T19:42:51.817398" elapsed="0.005137"/>
</kw>
<kw name="Should Contain" owner="BuiltIn">
<arg>${json}[title]</arg>
<arg>Fjallraven</arg>
<doc>Fails if ``container`` does not contain ``item`` one or more times.</doc>
<status status="PASS" start="2026-05-28T19:42:51.824243" elapsed="0.004722"/>
</kw>
<status status="PASS" start="2026-05-28T19:42:51.345723" elapsed="0.484429"/>
</test>
<status status="PASS" start="2026-05-28T19:42:51.335370" elapsed="0.498296"/>
</suite>
<suite id="s1-s2-s5" name="Update Product" source="C:\Users\josue\Desktop\ESTUDOS\ROBOT\API\restfulAPIAutomationRobot\tests\products\update_product.robot">
<test id="s1-s2-s5-t1" name="Atualizar Produto" line="9">
<kw name="Create Session" owner="RequestsLibrary">
<msg time="2026-05-28T19:42:51.859818" level="INFO">Creating Session using : alias=fakeStore, url=https://fakestoreapi.com, headers={},                     cookies={}, auth=None, timeout=None, proxies=None, verify=False,                     debug=0 </msg>
<arg>fakeStore</arg>
<arg>${BASE_URL}</arg>
<doc>Create Session: create a HTTP session to a server</doc>
<status status="PASS" start="2026-05-28T19:42:51.859462" elapsed="0.000816"/>
</kw>
<kw name="Create Dictionary" owner="BuiltIn">
<msg time="2026-05-28T19:42:51.861683" level="INFO">${body} = {'title': 'Produto', 'price': '9', 'description': 'Descricao', 'image': 'https://i.pravatar.cc', 'category': 'electronics'}</msg>
<var>${body}</var>
<arg>title=Produto</arg>
<arg>price=9</arg>
<arg>description=Descricao</arg>
<arg>image=https://i.pravatar.cc</arg>
<arg>category=electronics</arg>
<doc>Creates and returns a dictionary based on the given ``items``.</doc>
<status status="PASS" start="2026-05-28T19:42:51.860760" elapsed="0.000987"/>
</kw>
<kw name="PUT On Session" owner="RequestsLibrary">
<msg time="2026-05-28T19:42:52.902552" level="INFO">PUT Request : url=https://fakestoreapi.com/products/1 
 path_url=/products/1 
 headers={'User-Agent': 'python-requests/2.34.2', 'Accept-Encoding': 'gzip, deflate, zstd', 'Accept': '*/*', 'Connection': 'keep-alive', 'Content-Length': '123', 'Content-Type': 'application/json'} 
 body=b'{"title": "Produto", "price": "9", "description": "Descricao", "image": "https://i.pravatar.cc", "category": "electronics"}' 
 </msg>
<msg time="2026-05-28T19:42:52.902746" level="INFO">PUT Response : url=https://fakestoreapi.com/products/1 
 status=200, reason=OK 
 headers={'Date': 'Thu, 28 May 2026 22:42:53 GMT', 'Content-Type': 'application/json; charset=utf-8', 'Transfer-Encoding': 'chunked', 'Connection': 'keep-alive', 'access-control-allow-origin': '*', 'etag': 'W/"79-+LQ4htUMpg/tK1rEdq4SWAz9Pws"', 'x-powered-by': 'Express', 'cf-cache-status': 'DYNAMIC', 'Nel': '{"report_to":"cf-nel","success_fraction":0.0,"max_age":604800}', 'Report-To': '{"group":"cf-nel","max_age":604800,"endpoints":[{"url":"https://a.nel.cloudflare.com/report/v4?s=r9GIpwgoI0vJATwXWi6M26i4Gtl059OpC%2FD93gjCgGGFxqVGg9odSKNpjG%2FGE3mkVFA9emg2rX1lDTWOTKZOJUcnvFK0T7xR8UwXAgW5T2Kbo2RgaRpabtKBs3pbLi3bHvDU"}]}', 'Content-Encoding': 'zstd', 'Server': 'cloudflare', 'CF-RAY': 'a030c6648a13f1fc-GRU', 'alt-svc': 'h3=":443"; ma=86400'} 
 body={"id":1,"title":"Produto","price":"9","description":"Descricao","image":"https://i.pravatar.cc","category":"electronics"} 
 </msg>
<msg time="2026-05-28T19:42:52.902898" level="INFO">C:\Users\josue\AppData\Local\Programs\Python\Python314\Lib\site-packages\urllib3\connectionpool.py:1110: InsecureRequestWarning: Unverified HTTPS request is being made to host 'fakestoreapi.com'. Adding certificate verification is strongly advised. See: https://urllib3.readthedocs.io/en/latest/advanced-usage.html#tls-warnings
  warnings.warn(</msg>
<msg time="2026-05-28T19:42:52.907922" level="INFO">${response} = &lt;Response [200]&gt;</msg>
<var>${response}</var>
<arg>fakeStore</arg>
<arg>url=/products/1</arg>
<arg>json=${body}</arg>
<doc>Sends a PUT request on a previously created HTTP Session.</doc>
<status status="PASS" start="2026-05-28T19:42:51.862359" elapsed="1.045653"/>
</kw>
<kw name="Status Should Be" owner="RequestsLibrary">
<arg>200</arg>
<arg>${response}</arg>
<doc>Fails if response status code is different than the expected.</doc>
<status status="PASS" start="2026-05-28T19:42:52.910282" elapsed="0.000419"/>
</kw>
<kw name="Set Variable" owner="BuiltIn">
<msg time="2026-05-28T19:42:52.917351" level="INFO">${json} = {'id': 1, 'title': 'Produto', 'price': '9', 'description': 'Descricao', 'image': 'https://i.pravatar.cc', 'category': 'electronics'}</msg>
<var>${json}</var>
<arg>${response.json()}</arg>
<doc>Returns the given values which can then be assigned to a variables.</doc>
<status status="PASS" start="2026-05-28T19:42:52.915498" elapsed="0.001936"/>
</kw>
<kw name="Should Be Equal" owner="BuiltIn">
<arg>${json}[title]</arg>
<arg>Produto</arg>
<doc>Fails if the given objects are unequal.</doc>
<status status="PASS" start="2026-05-28T19:42:52.920142" elapsed="0.000786"/>
</kw>
<kw name="Should Be Equal" owner="BuiltIn">
<arg>${json}[price]</arg>
<arg>9</arg>
<doc>Fails if the given objects are unequal.</doc>
<status status="PASS" start="2026-05-28T19:42:52.921862" elapsed="0.000773"/>
</kw>
<status status="PASS" start="2026-05-28T19:42:51.857359" elapsed="1.069380"/>
</test>
<status status="PASS" start="2026-05-28T19:42:51.837661" elapsed="1.095117"/>
</suite>
<status status="PASS" start="2026-05-28T19:42:48.555421" elapsed="4.385749"/>
</suite>
<status status="PASS" start="2026-05-28T19:42:47.737611" elapsed="5.211034"/>
</suite>
<statistics>
<total>
<stat pass="7" fail="0" skip="0">All Tests</stat>
</total>
<tag>
</tag>
<suite>
<stat name="Tests" id="s1" pass="7" fail="0" skip="0">Tests</stat>
<stat name="Posts" id="s1-s1" pass="1" fail="0" skip="0">Tests.Posts</stat>
<stat name="Get Single Post" id="s1-s1-s1" pass="1" fail="0" skip="0">Tests.Posts.Get Single Post</stat>
<stat name="Products" id="s1-s2" pass="6" fail="0" skip="0">Tests.Products</stat>
<stat name="Create Product" id="s1-s2-s1" pass="1" fail="0" skip="0">Tests.Products.Create Product</stat>
<stat name="Delete Product" id="s1-s2-s2" pass="2" fail="0" skip="0">Tests.Products.Delete Product</stat>
<stat name="Get Products" id="s1-s2-s3" pass="1" fail="0" skip="0">Tests.Products.Get Products</stat>
<stat name="Get Single Product" id="s1-s2-s4" pass="1" fail="0" skip="0">Tests.Products.Get Single Product</stat>
<stat name="Update Product" id="s1-s2-s5" pass="1" fail="0" skip="0">Tests.Products.Update Product</stat>
</suite>
</statistics>
<errors>
</errors>
</robot>
